FA2/A0 input add_612_3is connected to a constant net
FA2/A1 input add_612_3is connected to a constant net
FA2/A0 input add_475_add_5_3is connected to a constant net
FA2/A1 input add_475_add_5_3is connected to a constant net
FA2/A0 input add_475_add_5_9is connected to a constant net
FA2/A1 input add_475_add_5_9is connected to a constant net
FA2/CI1 input add_475_add_5_9 has no outgoing device arc
FA2/A0 input add_99_add_5_11is connected to a constant net
FA2/A1 input add_99_add_5_11is connected to a constant net
FA2/B1 input add_99_add_5_11is connected to a constant net
FA2/C1 input add_99_add_5_11is connected to a constant net
FA2/D1 input add_99_add_5_11 has no outgoing device arc
FA2/CI1 input add_99_add_5_11 has no outgoing device arc
     ** dut3/add_99_add_5_11/CO0 is driving a pin on an incomplete path
FA2/B0 input add_99_add_5_11 is on an incomplete path
FA2/C0 input add_99_add_5_11is connected to a constant net
FA2/CI0 input add_99_add_5_11 is on an incomplete path
FA2/A0 input add_612_1is connected to a constant net
FA2/A1 input add_612_1is connected to a constant net
FA2/A0 input add_625_7is connected to a constant net
FA2/A1 input add_625_7is connected to a constant net
FA2/A0 input add_625_9is connected to a constant net
FA2/A1 input add_625_9is connected to a constant net
FA2/CI1 input add_625_9 has no outgoing device arc
FA2/A0 input sub_140_add_2_add_5_11is connected to a constant net
FA2/A1 input sub_140_add_2_add_5_11is connected to a constant net
FA2/B1 input sub_140_add_2_add_5_11is connected to a constant net
FA2/C1 input sub_140_add_2_add_5_11is connected to a constant net
FA2/D1 input sub_140_add_2_add_5_11 has no outgoing device arc
FA2/CI1 input sub_140_add_2_add_5_11 has no outgoing device arc
     ** dut3/sub_140_add_2_add_5_11/CO0 is driving a pin on an incomplete path
FA2/B0 input sub_140_add_2_add_5_11 is on an incomplete path
FA2/C0 input sub_140_add_2_add_5_11is connected to a constant net
FA2/CI0 input sub_140_add_2_add_5_11 is on an incomplete path
FA2/A0 input add_475_add_5_7is connected to a constant net
FA2/A1 input add_475_add_5_7is connected to a constant net
FA2/A0 input add_625_5is connected to a constant net
FA2/A1 input add_625_5is connected to a constant net
FA2/A0 input add_99_add_5_9is connected to a constant net
FA2/A1 input add_99_add_5_9is connected to a constant net
FA2/A0 input add_474_add_5_3is connected to a constant net
FA2/A1 input add_474_add_5_3is connected to a constant net
FA2/A0 input add_99_add_5_7is connected to a constant net
FA2/A1 input add_99_add_5_7is connected to a constant net
FA2/A0 input add_625_3is connected to a constant net
FA2/A1 input add_625_3is connected to a constant net
FA2/A0 input add_99_add_5_5is connected to a constant net
FA2/A1 input add_99_add_5_5is connected to a constant net
FA2/A0 input add_475_add_5_1is connected to a constant net
FA2/A1 input add_475_add_5_1is connected to a constant net
FA2/A0 input add_625_1is connected to a constant net
FA2/A1 input add_625_1is connected to a constant net
FA2/A0 input add_474_add_5_5is connected to a constant net
FA2/A1 input add_474_add_5_5is connected to a constant net
FA2/A0 input sub_140_add_2_add_5_9is connected to a constant net
FA2/A1 input sub_140_add_2_add_5_9is connected to a constant net
FA2/A0 input add_474_add_5_1is connected to a constant net
FA2/A1 input add_474_add_5_1is connected to a constant net
FA2/A0 input add_28_add_5_9is connected to a constant net
FA2/A1 input add_28_add_5_9is connected to a constant net
FA2/A0 input sub_140_add_2_add_5_7is connected to a constant net
FA2/A1 input sub_140_add_2_add_5_7is connected to a constant net
FA2/A0 input sub_140_add_2_add_5_5is connected to a constant net
FA2/A1 input sub_140_add_2_add_5_5is connected to a constant net
FA2/A0 input add_28_add_5_7is connected to a constant net
FA2/A1 input add_28_add_5_7is connected to a constant net
FA2/A0 input add_28_add_5_5is connected to a constant net
FA2/A1 input add_28_add_5_5is connected to a constant net
FA2/A0 input add_28_add_5_3is connected to a constant net
FA2/A1 input add_28_add_5_3is connected to a constant net
FA2/A0 input add_28_add_5_1is connected to a constant net
FA2/A1 input add_28_add_5_1is connected to a constant net
FA2/A0 input add_612_9is connected to a constant net
FA2/A1 input add_612_9is connected to a constant net
FA2/CI1 input add_612_9 has no outgoing device arc
FA2/A0 input sub_140_add_2_add_5_1is connected to a constant net
FA2/A1 input sub_140_add_2_add_5_1is connected to a constant net
FA2/A0 input sub_140_add_2_add_5_3is connected to a constant net
FA2/A1 input sub_140_add_2_add_5_3is connected to a constant net
FA2/A0 input add_612_7is connected to a constant net
FA2/A1 input add_612_7is connected to a constant net
FA2/A0 input add_474_add_5_9is connected to a constant net
FA2/A1 input add_474_add_5_9is connected to a constant net
FA2/CI1 input add_474_add_5_9 has no outgoing device arc
FA2/A0 input add_474_add_5_7is connected to a constant net
FA2/A1 input add_474_add_5_7is connected to a constant net
FA2/A0 input add_612_5is connected to a constant net
FA2/A1 input add_612_5is connected to a constant net
FA2/A0 input add_475_add_5_5is connected to a constant net
FA2/A1 input add_475_add_5_5is connected to a constant net
FA2/A0 input add_99_add_5_3is connected to a constant net
FA2/A1 input add_99_add_5_3is connected to a constant net
FA2/A0 input add_8_add_5_1is connected to a constant net
FA2/A1 input add_8_add_5_1is connected to a constant net
FA2/A0 input add_28_add_5_11is connected to a constant net
FA2/A1 input add_28_add_5_11is connected to a constant net
FA2/B1 input add_28_add_5_11is connected to a constant net
FA2/C1 input add_28_add_5_11is connected to a constant net
FA2/D1 input add_28_add_5_11 has no outgoing device arc
FA2/CI1 input add_28_add_5_11 has no outgoing device arc
     ** dut3/add_28_add_5_11/CO0 is driving a pin on an incomplete path
FA2/B0 input add_28_add_5_11 is on an incomplete path
FA2/C0 input add_28_add_5_11is connected to a constant net
FA2/CI0 input add_28_add_5_11 is on an incomplete path
FA2/A0 input add_99_add_5_1is connected to a constant net
FA2/A1 input add_99_add_5_1is connected to a constant net
VLO/Z GND  i1
     *** dut3/rom/lscc_rom_inst/u_rom/PRIM_MODE.xADDR[0].xDATA[0].mem_file.mem0/iCE40UP.sp4k/RADDR10 is driven by constant or a pin on an incomplete path
     *** dut3/rom/lscc_rom_inst/u_rom/PRIM_MODE.xADDR[0].xDATA[0].mem_file.mem0/iCE40UP.sp4k/RADDR9 is driven by constant or a pin on an incomplete path
     *** dut3/rom/lscc_rom_inst/u_rom/PRIM_MODE.xADDR[0].xDATA[0].mem_file.mem0/iCE40UP.sp4k/RADDR8 is driven by constant or a pin on an incomplete path
     *** dut3/rom/lscc_rom_inst/u_rom/PRIM_MODE.xADDR[0].xDATA[0].mem_file.mem0/iCE40UP.sp4k/RADDR7 is driven by constant or a pin on an incomplete path
     *** dut3/rom/lscc_rom_inst/u_rom/PRIM_MODE.xADDR[0].xDATA[0].mem_file.mem0/iCE40UP.sp4k/RADDR6 is driven by constant or a pin on an incomplete path
     *** dut3/rom/lscc_rom_inst/u_rom/PRIM_MODE.xADDR[0].xDATA[0].mem_file.mem0/iCE40UP.sp4k/RADDR5 is driven by constant or a pin on an incomplete path
     *** dut3/rom/lscc_rom_inst/u_rom/PRIM_MODE.xADDR[0].xDATA[0].mem_file.mem0/iCE40UP.sp4k/RADDR4 is driven by constant or a pin on an incomplete path
     *** dut3/rom/lscc_rom_inst/u_rom/PRIM_MODE.xADDR[0].xDATA[0].mem_file.mem0/iCE40UP.sp4k/WADDR10 is driven by constant or a pin on an incomplete path
     *** dut3/rom/lscc_rom_inst/u_rom/PRIM_MODE.xADDR[0].xDATA[0].mem_file.mem0/iCE40UP.sp4k/WADDR9 is driven by constant or a pin on an incomplete path
     *** dut3/rom/lscc_rom_inst/u_rom/PRIM_MODE.xADDR[0].xDATA[0].mem_file.mem0/iCE40UP.sp4k/WADDR8 is driven by constant or a pin on an incomplete path
     *** dut3/rom/lscc_rom_inst/u_rom/PRIM_MODE.xADDR[0].xDATA[0].mem_file.mem0/iCE40UP.sp4k/WADDR7 is driven by constant or a pin on an incomplete path
     *** dut3/rom/lscc_rom_inst/u_rom/PRIM_MODE.xADDR[0].xDATA[0].mem_file.mem0/iCE40UP.sp4k/WADDR6 is driven by constant or a pin on an incomplete path
     *** dut3/rom/lscc_rom_inst/u_rom/PRIM_MODE.xADDR[0].xDATA[0].mem_file.mem0/iCE40UP.sp4k/WADDR5 is driven by constant or a pin on an incomplete path
     *** dut3/rom/lscc_rom_inst/u_rom/PRIM_MODE.xADDR[0].xDATA[0].mem_file.mem0/iCE40UP.sp4k/WADDR4 is driven by constant or a pin on an incomplete path
     *** dut3/rom/lscc_rom_inst/u_rom/PRIM_MODE.xADDR[0].xDATA[0].mem_file.mem0/iCE40UP.sp4k/MASK_N15 is driven by constant or a pin on an incomplete path
     *** dut3/rom/lscc_rom_inst/u_rom/PRIM_MODE.xADDR[0].xDATA[0].mem_file.mem0/iCE40UP.sp4k/MASK_N14 is driven by constant or a pin on an incomplete path
     *** dut3/rom/lscc_rom_inst/u_rom/PRIM_MODE.xADDR[0].xDATA[0].mem_file.mem0/iCE40UP.sp4k/MASK_N13 is driven by constant or a pin on an incomplete path
     *** dut3/rom/lscc_rom_inst/u_rom/PRIM_MODE.xADDR[0].xDATA[0].mem_file.mem0/iCE40UP.sp4k/MASK_N12 is driven by constant or a pin on an incomplete path
     *** dut3/rom/lscc_rom_inst/u_rom/PRIM_MODE.xADDR[0].xDATA[0].mem_file.mem0/iCE40UP.sp4k/MASK_N11 is driven by constant or a pin on an incomplete path
     *** dut3/rom/lscc_rom_inst/u_rom/PRIM_MODE.xADDR[0].xDATA[0].mem_file.mem0/iCE40UP.sp4k/MASK_N10 is driven by constant or a pin on an incomplete path
     *** dut3/rom/lscc_rom_inst/u_rom/PRIM_MODE.xADDR[0].xDATA[0].mem_file.mem0/iCE40UP.sp4k/MASK_N9 is driven by constant or a pin on an incomplete path
     *** dut3/rom/lscc_rom_inst/u_rom/PRIM_MODE.xADDR[0].xDATA[0].mem_file.mem0/iCE40UP.sp4k/MASK_N8 is driven by constant or a pin on an incomplete path
     *** dut3/rom/lscc_rom_inst/u_rom/PRIM_MODE.xADDR[0].xDATA[0].mem_file.mem0/iCE40UP.sp4k/MASK_N7 is driven by constant or a pin on an incomplete path
     *** dut3/rom/lscc_rom_inst/u_rom/PRIM_MODE.xADDR[0].xDATA[0].mem_file.mem0/iCE40UP.sp4k/MASK_N6 is driven by constant or a pin on an incomplete path
     *** dut3/rom/lscc_rom_inst/u_rom/PRIM_MODE.xADDR[0].xDATA[0].mem_file.mem0/iCE40UP.sp4k/MASK_N5 is driven by constant or a pin on an incomplete path
     *** dut3/rom/lscc_rom_inst/u_rom/PRIM_MODE.xADDR[0].xDATA[0].mem_file.mem0/iCE40UP.sp4k/MASK_N4 is driven by constant or a pin on an incomplete path
     *** dut3/rom/lscc_rom_inst/u_rom/PRIM_MODE.xADDR[0].xDATA[0].mem_file.mem0/iCE40UP.sp4k/MASK_N3 is driven by constant or a pin on an incomplete path
     *** dut3/rom/lscc_rom_inst/u_rom/PRIM_MODE.xADDR[0].xDATA[0].mem_file.mem0/iCE40UP.sp4k/MASK_N2 is driven by constant or a pin on an incomplete path
     *** dut3/rom/lscc_rom_inst/u_rom/PRIM_MODE.xADDR[0].xDATA[0].mem_file.mem0/iCE40UP.sp4k/MASK_N1 is driven by constant or a pin on an incomplete path
     *** dut3/rom/lscc_rom_inst/u_rom/PRIM_MODE.xADDR[0].xDATA[0].mem_file.mem0/iCE40UP.sp4k/MASK_N0 is driven by constant or a pin on an incomplete path
     *** dut3/rom/lscc_rom_inst/u_rom/PRIM_MODE.xADDR[0].xDATA[0].mem_file.mem0/iCE40UP.sp4k/WDATA15 is driven by constant or a pin on an incomplete path
     *** dut3/rom/lscc_rom_inst/u_rom/PRIM_MODE.xADDR[0].xDATA[0].mem_file.mem0/iCE40UP.sp4k/WDATA14 is driven by constant or a pin on an incomplete path
     *** dut3/rom/lscc_rom_inst/u_rom/PRIM_MODE.xADDR[0].xDATA[0].mem_file.mem0/iCE40UP.sp4k/WDATA13 is driven by constant or a pin on an incomplete path
     *** dut3/rom/lscc_rom_inst/u_rom/PRIM_MODE.xADDR[0].xDATA[0].mem_file.mem0/iCE40UP.sp4k/WDATA12 is driven by constant or a pin on an incomplete path
     *** dut3/rom/lscc_rom_inst/u_rom/PRIM_MODE.xADDR[0].xDATA[0].mem_file.mem0/iCE40UP.sp4k/WDATA11 is driven by constant or a pin on an incomplete path
     *** dut3/rom/lscc_rom_inst/u_rom/PRIM_MODE.xADDR[0].xDATA[0].mem_file.mem0/iCE40UP.sp4k/WDATA10 is driven by constant or a pin on an incomplete path
     *** dut3/rom/lscc_rom_inst/u_rom/PRIM_MODE.xADDR[0].xDATA[0].mem_file.mem0/iCE40UP.sp4k/WDATA9 is driven by constant or a pin on an incomplete path
     *** dut3/rom/lscc_rom_inst/u_rom/PRIM_MODE.xADDR[0].xDATA[0].mem_file.mem0/iCE40UP.sp4k/WDATA8 is driven by constant or a pin on an incomplete path
     *** dut3/rom/lscc_rom_inst/u_rom/PRIM_MODE.xADDR[0].xDATA[0].mem_file.mem0/iCE40UP.sp4k/WDATA7 is driven by constant or a pin on an incomplete path
     *** dut3/rom/lscc_rom_inst/u_rom/PRIM_MODE.xADDR[0].xDATA[0].mem_file.mem0/iCE40UP.sp4k/WDATA6 is driven by constant or a pin on an incomplete path
     *** dut3/rom/lscc_rom_inst/u_rom/PRIM_MODE.xADDR[0].xDATA[0].mem_file.mem0/iCE40UP.sp4k/WDATA5 is driven by constant or a pin on an incomplete path
     *** dut3/rom/lscc_rom_inst/u_rom/PRIM_MODE.xADDR[0].xDATA[0].mem_file.mem0/iCE40UP.sp4k/WDATA4 is driven by constant or a pin on an incomplete path
     *** dut3/rom/lscc_rom_inst/u_rom/PRIM_MODE.xADDR[0].xDATA[0].mem_file.mem0/iCE40UP.sp4k/WDATA3 is driven by constant or a pin on an incomplete path
     *** dut3/rom/lscc_rom_inst/u_rom/PRIM_MODE.xADDR[0].xDATA[0].mem_file.mem0/iCE40UP.sp4k/WDATA2 is driven by constant or a pin on an incomplete path
     *** dut3/rom/lscc_rom_inst/u_rom/PRIM_MODE.xADDR[0].xDATA[0].mem_file.mem0/iCE40UP.sp4k/WDATA1 is driven by constant or a pin on an incomplete path
     *** dut3/rom/lscc_rom_inst/u_rom/PRIM_MODE.xADDR[0].xDATA[0].mem_file.mem0/iCE40UP.sp4k/WDATA0 is driven by constant or a pin on an incomplete path
     *** dut3/rom/lscc_rom_inst/u_rom/PRIM_MODE.xADDR[0].xDATA[0].mem_file.mem0/iCE40UP.sp4k/RCLKE is driven by constant or a pin on an incomplete path
     *** dut3/rom/lscc_rom_inst/u_rom/PRIM_MODE.xADDR[0].xDATA[0].mem_file.mem0/iCE40UP.sp4k/WCLKE is driven by constant or a pin on an incomplete path
     *** dut3/rom/lscc_rom_inst/u_rom/PRIM_MODE.xADDR[0].xDATA[0].mem_file.mem0/iCE40UP.sp4k/WE is driven by constant or a pin on an incomplete path
     *** dut3/romCactus/lscc_rom_inst/u_rom/PRIM_MODE.xADDR[0].xDATA[0].mem_file.mem0/iCE40UP.sp4k/RADDR10 is driven by constant or a pin on an incomplete path
     *** dut3/romCactus/lscc_rom_inst/u_rom/PRIM_MODE.xADDR[0].xDATA[0].mem_file.mem0/iCE40UP.sp4k/RADDR9 is driven by constant or a pin on an incomplete path
     *** dut3/romCactus/lscc_rom_inst/u_rom/PRIM_MODE.xADDR[0].xDATA[0].mem_file.mem0/iCE40UP.sp4k/RADDR8 is driven by constant or a pin on an incomplete path
     *** dut3/romCactus/lscc_rom_inst/u_rom/PRIM_MODE.xADDR[0].xDATA[0].mem_file.mem0/iCE40UP.sp4k/RADDR7 is driven by constant or a pin on an incomplete path
     *** dut3/romCactus/lscc_rom_inst/u_rom/PRIM_MODE.xADDR[0].xDATA[0].mem_file.mem0/iCE40UP.sp4k/RADDR6 is driven by constant or a pin on an incomplete path
     *** dut3/romCactus/lscc_rom_inst/u_rom/PRIM_MODE.xADDR[0].xDATA[0].mem_file.mem0/iCE40UP.sp4k/RADDR5 is driven by constant or a pin on an incomplete path
     *** dut3/romCactus/lscc_rom_inst/u_rom/PRIM_MODE.xADDR[0].xDATA[0].mem_file.mem0/iCE40UP.sp4k/RADDR4 is driven by constant or a pin on an incomplete path
     *** dut3/romCactus/lscc_rom_inst/u_rom/PRIM_MODE.xADDR[0].xDATA[0].mem_file.mem0/iCE40UP.sp4k/WADDR10 is driven by constant or a pin on an incomplete path
     *** dut3/romCactus/lscc_rom_inst/u_rom/PRIM_MODE.xADDR[0].xDATA[0].mem_file.mem0/iCE40UP.sp4k/WADDR9 is driven by constant or a pin on an incomplete path
     *** dut3/romCactus/lscc_rom_inst/u_rom/PRIM_MODE.xADDR[0].xDATA[0].mem_file.mem0/iCE40UP.sp4k/WADDR8 is driven by constant or a pin on an incomplete path
     *** dut3/romCactus/lscc_rom_inst/u_rom/PRIM_MODE.xADDR[0].xDATA[0].mem_file.mem0/iCE40UP.sp4k/WADDR7 is driven by constant or a pin on an incomplete path
     *** dut3/romCactus/lscc_rom_inst/u_rom/PRIM_MODE.xADDR[0].xDATA[0].mem_file.mem0/iCE40UP.sp4k/WADDR6 is driven by constant or a pin on an incomplete path
     *** dut3/romCactus/lscc_rom_inst/u_rom/PRIM_MODE.xADDR[0].xDATA[0].mem_file.mem0/iCE40UP.sp4k/WADDR5 is driven by constant or a pin on an incomplete path
     *** dut3/romCactus/lscc_rom_inst/u_rom/PRIM_MODE.xADDR[0].xDATA[0].mem_file.mem0/iCE40UP.sp4k/WADDR4 is driven by constant or a pin on an incomplete path
     *** dut3/romCactus/lscc_rom_inst/u_rom/PRIM_MODE.xADDR[0].xDATA[0].mem_file.mem0/iCE40UP.sp4k/MASK_N15 is driven by constant or a pin on an incomplete path
     *** dut3/romCactus/lscc_rom_inst/u_rom/PRIM_MODE.xADDR[0].xDATA[0].mem_file.mem0/iCE40UP.sp4k/MASK_N14 is driven by constant or a pin on an incomplete path
     *** dut3/romCactus/lscc_rom_inst/u_rom/PRIM_MODE.xADDR[0].xDATA[0].mem_file.mem0/iCE40UP.sp4k/MASK_N13 is driven by constant or a pin on an incomplete path
     *** dut3/romCactus/lscc_rom_inst/u_rom/PRIM_MODE.xADDR[0].xDATA[0].mem_file.mem0/iCE40UP.sp4k/MASK_N12 is driven by constant or a pin on an incomplete path
     *** dut3/romCactus/lscc_rom_inst/u_rom/PRIM_MODE.xADDR[0].xDATA[0].mem_file.mem0/iCE40UP.sp4k/MASK_N11 is driven by constant or a pin on an incomplete path
     *** dut3/romCactus/lscc_rom_inst/u_rom/PRIM_MODE.xADDR[0].xDATA[0].mem_file.mem0/iCE40UP.sp4k/MASK_N10 is driven by constant or a pin on an incomplete path
     *** dut3/romCactus/lscc_rom_inst/u_rom/PRIM_MODE.xADDR[0].xDATA[0].mem_file.mem0/iCE40UP.sp4k/MASK_N9 is driven by constant or a pin on an incomplete path
     *** dut3/romCactus/lscc_rom_inst/u_rom/PRIM_MODE.xADDR[0].xDATA[0].mem_file.mem0/iCE40UP.sp4k/MASK_N8 is driven by constant or a pin on an incomplete path
     *** dut3/romCactus/lscc_rom_inst/u_rom/PRIM_MODE.xADDR[0].xDATA[0].mem_file.mem0/iCE40UP.sp4k/MASK_N7 is driven by constant or a pin on an incomplete path
     *** dut3/romCactus/lscc_rom_inst/u_rom/PRIM_MODE.xADDR[0].xDATA[0].mem_file.mem0/iCE40UP.sp4k/MASK_N6 is driven by constant or a pin on an incomplete path
     *** dut3/romCactus/lscc_rom_inst/u_rom/PRIM_MODE.xADDR[0].xDATA[0].mem_file.mem0/iCE40UP.sp4k/MASK_N5 is driven by constant or a pin on an incomplete path
     *** dut3/romCactus/lscc_rom_inst/u_rom/PRIM_MODE.xADDR[0].xDATA[0].mem_file.mem0/iCE40UP.sp4k/MASK_N4 is driven by constant or a pin on an incomplete path
     *** dut3/romCactus/lscc_rom_inst/u_rom/PRIM_MODE.xADDR[0].xDATA[0].mem_file.mem0/iCE40UP.sp4k/MASK_N3 is driven by constant or a pin on an incomplete path
     *** dut3/romCactus/lscc_rom_inst/u_rom/PRIM_MODE.xADDR[0].xDATA[0].mem_file.mem0/iCE40UP.sp4k/MASK_N2 is driven by constant or a pin on an incomplete path
     *** dut3/romCactus/lscc_rom_inst/u_rom/PRIM_MODE.xADDR[0].xDATA[0].mem_file.mem0/iCE40UP.sp4k/MASK_N1 is driven by constant or a pin on an incomplete path
     *** dut3/romCactus/lscc_rom_inst/u_rom/PRIM_MODE.xADDR[0].xDATA[0].mem_file.mem0/iCE40UP.sp4k/MASK_N0 is driven by constant or a pin on an incomplete path
     *** dut3/romCactus/lscc_rom_inst/u_rom/PRIM_MODE.xADDR[0].xDATA[0].mem_file.mem0/iCE40UP.sp4k/WDATA15 is driven by constant or a pin on an incomplete path
     *** dut3/romCactus/lscc_rom_inst/u_rom/PRIM_MODE.xADDR[0].xDATA[0].mem_file.mem0/iCE40UP.sp4k/WDATA14 is driven by constant or a pin on an incomplete path
     *** dut3/romCactus/lscc_rom_inst/u_rom/PRIM_MODE.xADDR[0].xDATA[0].mem_file.mem0/iCE40UP.sp4k/WDATA13 is driven by constant or a pin on an incomplete path
     *** dut3/romCactus/lscc_rom_inst/u_rom/PRIM_MODE.xADDR[0].xDATA[0].mem_file.mem0/iCE40UP.sp4k/WDATA12 is driven by constant or a pin on an incomplete path
     *** dut3/romCactus/lscc_rom_inst/u_rom/PRIM_MODE.xADDR[0].xDATA[0].mem_file.mem0/iCE40UP.sp4k/WDATA11 is driven by constant or a pin on an incomplete path
     *** dut3/romCactus/lscc_rom_inst/u_rom/PRIM_MODE.xADDR[0].xDATA[0].mem_file.mem0/iCE40UP.sp4k/WDATA10 is driven by constant or a pin on an incomplete path
     *** dut3/romCactus/lscc_rom_inst/u_rom/PRIM_MODE.xADDR[0].xDATA[0].mem_file.mem0/iCE40UP.sp4k/WDATA9 is driven by constant or a pin on an incomplete path
     *** dut3/romCactus/lscc_rom_inst/u_rom/PRIM_MODE.xADDR[0].xDATA[0].mem_file.mem0/iCE40UP.sp4k/WDATA8 is driven by constant or a pin on an incomplete path
     *** dut3/romCactus/lscc_rom_inst/u_rom/PRIM_MODE.xADDR[0].xDATA[0].mem_file.mem0/iCE40UP.sp4k/WDATA7 is driven by constant or a pin on an incomplete path
     *** dut3/romCactus/lscc_rom_inst/u_rom/PRIM_MODE.xADDR[0].xDATA[0].mem_file.mem0/iCE40UP.sp4k/WDATA6 is driven by constant or a pin on an incomplete path
     *** dut3/romCactus/lscc_rom_inst/u_rom/PRIM_MODE.xADDR[0].xDATA[0].mem_file.mem0/iCE40UP.sp4k/WDATA5 is driven by constant or a pin on an incomplete path
     *** dut3/romCactus/lscc_rom_inst/u_rom/PRIM_MODE.xADDR[0].xDATA[0].mem_file.mem0/iCE40UP.sp4k/WDATA4 is driven by constant or a pin on an incomplete path
     *** dut3/romCactus/lscc_rom_inst/u_rom/PRIM_MODE.xADDR[0].xDATA[0].mem_file.mem0/iCE40UP.sp4k/WDATA3 is driven by constant or a pin on an incomplete path
     *** dut3/romCactus/lscc_rom_inst/u_rom/PRIM_MODE.xADDR[0].xDATA[0].mem_file.mem0/iCE40UP.sp4k/WDATA2 is driven by constant or a pin on an incomplete path
     *** dut3/romCactus/lscc_rom_inst/u_rom/PRIM_MODE.xADDR[0].xDATA[0].mem_file.mem0/iCE40UP.sp4k/WDATA1 is driven by constant or a pin on an incomplete path
     *** dut3/romCactus/lscc_rom_inst/u_rom/PRIM_MODE.xADDR[0].xDATA[0].mem_file.mem0/iCE40UP.sp4k/WDATA0 is driven by constant or a pin on an incomplete path
     *** dut3/romCactus/lscc_rom_inst/u_rom/PRIM_MODE.xADDR[0].xDATA[0].mem_file.mem0/iCE40UP.sp4k/RCLKE is driven by constant or a pin on an incomplete path
     *** dut3/romCactus/lscc_rom_inst/u_rom/PRIM_MODE.xADDR[0].xDATA[0].mem_file.mem0/iCE40UP.sp4k/WCLKE is driven by constant or a pin on an incomplete path
     *** dut3/romCactus/lscc_rom_inst/u_rom/PRIM_MODE.xADDR[0].xDATA[0].mem_file.mem0/iCE40UP.sp4k/WE is driven by constant or a pin on an incomplete path
     *** dut3/btn4_c/SR is driven by constant or a pin on an incomplete path
     *** dut3/playerY_i0/SR is driven by constant or a pin on an incomplete path
     *** dut3/btn3_c/SR is driven by constant or a pin on an incomplete path
     *** dut3/playerY_i1/SR is driven by constant or a pin on an incomplete path
     *** dut3/playerY_i2/SR is driven by constant or a pin on an incomplete path
     *** dut3/playerY_i3/SR is driven by constant or a pin on an incomplete path
     *** dut3/playerY_i4/SR is driven by constant or a pin on an incomplete path
     *** dut3/playerY_i5/SR is driven by constant or a pin on an incomplete path
     *** dut3/playerY_i6/SR is driven by constant or a pin on an incomplete path
     *** dut3/playerY_i7/SR is driven by constant or a pin on an incomplete path
     *** dut3/playerY_i8/SR is driven by constant or a pin on an incomplete path
     *** dut3/playerY_i9/SR is driven by constant or a pin on an incomplete path
     *** dut3/cactus2X_i8/SR is driven by constant or a pin on an incomplete path
     *** dut3/cactus2X_i9/SR is driven by constant or a pin on an incomplete path
     *** dut3/falling_c/SR is driven by constant or a pin on an incomplete path
     *** dut3/add_28_add_5_9/C0 is driven by constant or a pin on an incomplete path
     *** dut3/add_28_add_5_9/C1 is driven by constant or a pin on an incomplete path
     *** dut3/sub_140_add_2_add_5_5/C0 is driven by constant or a pin on an incomplete path
     *** dut3/add_28_add_5_7/C0 is driven by constant or a pin on an incomplete path
     *** dut3/add_28_add_5_7/C1 is driven by constant or a pin on an incomplete path
     *** dut3/jumping_c/SR is driven by constant or a pin on an incomplete path
     *** dut3/cactus2X_i7/SR is driven by constant or a pin on an incomplete path
     *** dut3/cactus2X_i6/SR is driven by constant or a pin on an incomplete path
     *** dut3/add_28_add_5_1/B0 is driven by constant or a pin on an incomplete path
     *** dut3/add_28_add_5_1/C0 is driven by constant or a pin on an incomplete path
     *** dut3/cactus2X_i5/SR is driven by constant or a pin on an incomplete path
     *** dut3/cactus2X_i3/SR is driven by constant or a pin on an incomplete path
     *** dut3/sub_140_add_2_add_5_3/C0 is driven by constant or a pin on an incomplete path
     *** dut3/sub_140_add_2_add_5_3/C1 is driven by constant or a pin on an incomplete path
     *** dut3/add_612_9/C0 is driven by constant or a pin on an incomplete path
     *** dut3/add_612_9/C1 is driven by constant or a pin on an incomplete path
     *** dut3/sub_140_add_2_add_5_1/B0 is driven by constant or a pin on an incomplete path
     *** dut3/sub_140_add_2_add_5_1/C0 is driven by constant or a pin on an incomplete path
     *** dut3/cactus2X_i4/SR is driven by constant or a pin on an incomplete path
     *** dut3/cactus2X_i2/SR is driven by constant or a pin on an incomplete path
     *** dut3/add_612_7/C0 is driven by constant or a pin on an incomplete path
     *** dut3/add_612_7/C1 is driven by constant or a pin on an incomplete path
     *** dut3/gameOver_c/SR is driven by constant or a pin on an incomplete path
     *** dut3/add_474_add_5_9/C0 is driven by constant or a pin on an incomplete path
     *** dut3/add_474_add_5_9/C1 is driven by constant or a pin on an incomplete path
     *** dut3/add_475_add_5_5/C0 is driven by constant or a pin on an incomplete path
     *** dut3/add_475_add_5_5/C1 is driven by constant or a pin on an incomplete path
     *** dut3/add_612_5/C1 is driven by constant or a pin on an incomplete path
     *** dut3/add_474_add_5_7/C0 is driven by constant or a pin on an incomplete path
     *** dut3/add_474_add_5_7/C1 is driven by constant or a pin on an incomplete path
     *** dut3/add_99_add_5_1/B0 is driven by constant or a pin on an incomplete path
     *** dut3/add_99_add_5_1/C0 is driven by constant or a pin on an incomplete path
     *** dut3/cactus2X_i1/SR is driven by constant or a pin on an incomplete path
     *** dut3/add_475_add_5_9/C0 is driven by constant or a pin on an incomplete path
     *** dut3/add_475_add_5_9/C1 is driven by constant or a pin on an incomplete path
     *** dut3/add_475_add_5_3/C0 is driven by constant or a pin on an incomplete path
     *** dut3/add_612_1/B0 is driven by constant or a pin on an incomplete path
     *** dut3/add_612_1/C0 is driven by constant or a pin on an incomplete path
     *** dut3/add_625_9/C0 is driven by constant or a pin on an incomplete path
     *** dut3/add_625_9/C1 is driven by constant or a pin on an incomplete path
     *** dut3/add_625_7/C0 is driven by constant or a pin on an incomplete path
     *** dut3/add_625_7/C1 is driven by constant or a pin on an incomplete path
     *** dut3/add_475_add_5_7/C0 is driven by constant or a pin on an incomplete path
     *** dut3/add_475_add_5_7/C1 is driven by constant or a pin on an incomplete path
     *** dut3/add_99_add_5_9/C0 is driven by constant or a pin on an incomplete path
     *** dut3/add_99_add_5_9/C1 is driven by constant or a pin on an incomplete path
     *** dut3/add_625_5/C1 is driven by constant or a pin on an incomplete path
     *** dut3/add_99_add_5_7/C0 is driven by constant or a pin on an incomplete path
     *** dut3/add_99_add_5_7/C1 is driven by constant or a pin on an incomplete path
     *** dut3/add_474_add_5_3/C0 is driven by constant or a pin on an incomplete path
     *** dut3/add_99_add_5_5/C1 is driven by constant or a pin on an incomplete path
     *** dut3/add_625_1/B0 is driven by constant or a pin on an incomplete path
     *** dut3/add_625_1/C0 is driven by constant or a pin on an incomplete path
     *** dut3/add_474_add_5_5/C0 is driven by constant or a pin on an incomplete path
     *** dut3/add_474_add_5_5/C1 is driven by constant or a pin on an incomplete path
     *** dut3/add_475_add_5_1/B0 is driven by constant or a pin on an incomplete path
     *** dut3/add_475_add_5_1/C0 is driven by constant or a pin on an incomplete path
     *** dut3/add_474_add_5_1/B0 is driven by constant or a pin on an incomplete path
     *** dut3/add_474_add_5_1/C0 is driven by constant or a pin on an incomplete path
     *** dut3/btn2_c/DO1 is driven by constant or a pin on an incomplete path
     *** dut3/btn2_c/DO0 is driven by constant or a pin on an incomplete path
     *** dut3/btn2_c/IOLTO is driven by constant or a pin on an incomplete path
     *** dut3/btn2_c/HOLD is driven by constant or a pin on an incomplete path
     *** dut3/btn2_c/OUTCLK is driven by constant or a pin on an incomplete path
     *** dut2/add_8_add_5_11/A0 is driven by constant or a pin on an incomplete path
     *** dut2/add_8_add_5_11/C0 is driven by constant or a pin on an incomplete path
     *** dut2/add_8_add_5_11/A1 is driven by constant or a pin on an incomplete path
     *** dut2/add_8_add_5_11/B1 is driven by constant or a pin on an incomplete path
     *** dut2/add_8_add_5_11/C1 is driven by constant or a pin on an incomplete path
     *** dut2/add_8_add_5_9/A0 is driven by constant or a pin on an incomplete path
     *** dut2/add_8_add_5_9/C0 is driven by constant or a pin on an incomplete path
     *** dut2/add_8_add_5_9/A1 is driven by constant or a pin on an incomplete path
     *** dut2/add_8_add_5_9/C1 is driven by constant or a pin on an incomplete path
     *** dut2/add_8_add_5_7/A0 is driven by constant or a pin on an incomplete path
     *** dut2/add_8_add_5_7/C0 is driven by constant or a pin on an incomplete path
     *** dut2/add_8_add_5_7/A1 is driven by constant or a pin on an incomplete path
     *** dut2/add_8_add_5_7/C1 is driven by constant or a pin on an incomplete path
     *** dut2/columns_107_add_4_11/A0 is driven by constant or a pin on an incomplete path
     *** dut2/columns_107_add_4_11/B0 is driven by constant or a pin on an incomplete path
     *** dut2/columns_107_add_4_11/A1 is driven by constant or a pin on an incomplete path
     *** dut2/columns_107_add_4_11/B1 is driven by constant or a pin on an incomplete path
     *** dut2/columns_107_add_4_11/C1 is driven by constant or a pin on an incomplete path
     *** dut2/columns_107_add_4_9/A0 is driven by constant or a pin on an incomplete path
     *** dut2/columns_107_add_4_9/B0 is driven by constant or a pin on an incomplete path
     *** dut2/columns_107_add_4_9/A1 is driven by constant or a pin on an incomplete path
     *** dut2/columns_107_add_4_9/B1 is driven by constant or a pin on an incomplete path
     *** dut2/columns_107_add_4_7/A0 is driven by constant or a pin on an incomplete path
     *** dut2/columns_107_add_4_7/B0 is driven by constant or a pin on an incomplete path
     *** dut2/columns_107_add_4_7/A1 is driven by constant or a pin on an incomplete path
     *** dut2/columns_107_add_4_7/B1 is driven by constant or a pin on an incomplete path
     *** dut2/columns_107_add_4_5/A0 is driven by constant or a pin on an incomplete path
     *** dut2/columns_107_add_4_5/B0 is driven by constant or a pin on an incomplete path
     *** dut2/columns_107_add_4_5/A1 is driven by constant or a pin on an incomplete path
     *** dut2/columns_107_add_4_5/B1 is driven by constant or a pin on an incomplete path
     *** dut2/add_8_add_5_5/A0 is driven by constant or a pin on an incomplete path
     *** dut2/add_8_add_5_5/C0 is driven by constant or a pin on an incomplete path
     *** dut2/add_8_add_5_5/A1 is driven by constant or a pin on an incomplete path
     *** dut2/add_8_add_5_5/C1 is driven by constant or a pin on an incomplete path
     *** dut2/columns_107_add_4_3/A0 is driven by constant or a pin on an incomplete path
     *** dut2/columns_107_add_4_3/B0 is driven by constant or a pin on an incomplete path
     *** dut2/columns_107_add_4_3/A1 is driven by constant or a pin on an incomplete path
     *** dut2/columns_107_add_4_3/B1 is driven by constant or a pin on an incomplete path
     *** dut2/columns_107_add_4_1/A0 is driven by constant or a pin on an incomplete path
     *** dut2/columns_107_add_4_1/B0 is driven by constant or a pin on an incomplete path
     *** dut2/columns_107_add_4_1/C0 is driven by constant or a pin on an incomplete path
     *** dut2/columns_107_add_4_1/A1 is driven by constant or a pin on an incomplete path
     *** dut2/add_8_add_5_3/A0 is driven by constant or a pin on an incomplete path
     *** dut2/add_8_add_5_3/C0 is driven by constant or a pin on an incomplete path
     *** dut2/add_8_add_5_3/A1 is driven by constant or a pin on an incomplete path
     *** dut2/add_8_add_5_3/C1 is driven by constant or a pin on an incomplete path
     *** dut2/add_8_add_5_1/B0 is driven by constant or a pin on an incomplete path
     *** dut2/add_8_add_5_1/C0 is driven by constant or a pin on an incomplete path
     *** dut/lscc_pll_inst/u_PLL_B/DYNAMICDELAY7 is driven by constant or a pin on an incomplete path
     *** dut/lscc_pll_inst/u_PLL_B/DYNAMICDELAY6 is driven by constant or a pin on an incomplete path
     *** dut/lscc_pll_inst/u_PLL_B/DYNAMICDELAY5 is driven by constant or a pin on an incomplete path
     *** dut/lscc_pll_inst/u_PLL_B/DYNAMICDELAY4 is driven by constant or a pin on an incomplete path
     *** dut/lscc_pll_inst/u_PLL_B/DYNAMICDELAY3 is driven by constant or a pin on an incomplete path
     *** dut/lscc_pll_inst/u_PLL_B/DYNAMICDELAY2 is driven by constant or a pin on an incomplete path
     *** dut/lscc_pll_inst/u_PLL_B/DYNAMICDELAY1 is driven by constant or a pin on an incomplete path
     *** dut/lscc_pll_inst/u_PLL_B/DYNAMICDELAY0 is driven by constant or a pin on an incomplete path
     *** dut/lscc_pll_inst/u_PLL_B/BYPASS is driven by constant or a pin on an incomplete path
     *** dut/lscc_pll_inst/u_PLL_B/SCLK is driven by constant or a pin on an incomplete path
     *** dut/lscc_pll_inst/u_PLL_B/SDI is driven by constant or a pin on an incomplete path
     *** dut/lscc_pll_inst/u_PLL_B/LATCH is driven by constant or a pin on an incomplete path
     *** RGB_pad[4].bb_inst/I is driven by constant or a pin on an incomplete path
     *** RGB_pad[1].bb_inst/I is driven by constant or a pin on an incomplete path
     *** ref_clk_pad.bb_inst/T_N is driven by constant or a pin on an incomplete path
     *** btn_pad.bb_inst/T_N is driven by constant or a pin on an incomplete path
PLL_B/RESET_N input u_PLL_Bis connected to a constant net
PLL_B/INTFBOUT output  u_PLL_B has no incoming device arc
     *** dut/lscc_pll_inst/u_PLL_B/FEEDBACK is driven by constant or a pin on an incomplete path
FA2/D1 input add_8_add_5_11 has no outgoing device arc
FA2/CI1 input add_8_add_5_11 has no outgoing device arc
     ** dut2/add_8_add_5_11/CO0 is driving a pin on an incomplete path
FA2/B0 input add_8_add_5_11 is on an incomplete path
FA2/CI0 input add_8_add_5_11 is on an incomplete path
FA2/D1 input columns_107_add_4_11 has no outgoing device arc
FA2/CI1 input columns_107_add_4_11 has no outgoing device arc
     ** dut2/columns_107_add_4_11/CO0 is driving a pin on an incomplete path
FA2/C0 input columns_107_add_4_11 is on an incomplete path
FA2/CI0 input columns_107_add_4_11 is on an incomplete path
VHI/Z VCC  RGB_pad[3].vhi_inst
     *** dut3/rom/lscc_rom_inst/u_rom/PRIM_MODE.xADDR[0].xDATA[0].mem_file.mem0/iCE40UP.sp4k/RE is driven by constant or a pin on an incomplete path
     *** dut3/romCactus/lscc_rom_inst/u_rom/PRIM_MODE.xADDR[0].xDATA[0].mem_file.mem0/iCE40UP.sp4k/RE is driven by constant or a pin on an incomplete path
     *** dut3/btn4_c/SP is driven by constant or a pin on an incomplete path
     *** dut3/btn3_c/SP is driven by constant or a pin on an incomplete path
     *** dut3/sub_140_add_2_add_5_7/C0 is driven by constant or a pin on an incomplete path
     *** dut3/sub_140_add_2_add_5_7/C1 is driven by constant or a pin on an incomplete path
     *** dut3/sub_140_add_2_add_5_5/C1 is driven by constant or a pin on an incomplete path
     *** dut3/add_28_add_5_5/C0 is driven by constant or a pin on an incomplete path
     *** dut3/add_28_add_5_5/C1 is driven by constant or a pin on an incomplete path
     *** dut3/add_28_add_5_3/C0 is driven by constant or a pin on an incomplete path
     *** dut3/add_28_add_5_3/C1 is driven by constant or a pin on an incomplete path
     *** dut3/add_28_add_5_1/C1 is driven by constant or a pin on an incomplete path
     *** dut3/sub_140_add_2_add_5_1/C1 is driven by constant or a pin on an incomplete path
     *** dut3/gameOver_c/SP is driven by constant or a pin on an incomplete path
     *** dut3/add_99_add_5_3/C0 is driven by constant or a pin on an incomplete path
     *** dut3/add_99_add_5_3/C1 is driven by constant or a pin on an incomplete path
     *** dut3/add_612_5/C0 is driven by constant or a pin on an incomplete path
     *** dut3/add_99_add_5_1/C1 is driven by constant or a pin on an incomplete path
     *** dut3/add_612_3/C0 is driven by constant or a pin on an incomplete path
     *** dut3/add_612_3/C1 is driven by constant or a pin on an incomplete path
     *** dut3/add_475_add_5_3/C1 is driven by constant or a pin on an incomplete path
     *** dut3/add_612_1/C1 is driven by constant or a pin on an incomplete path
     *** dut3/add_625_5/C0 is driven by constant or a pin on an incomplete path
     *** dut3/add_625_3/C0 is driven by constant or a pin on an incomplete path
     *** dut3/add_625_3/C1 is driven by constant or a pin on an incomplete path
     *** dut3/add_474_add_5_3/C1 is driven by constant or a pin on an incomplete path
     *** dut3/add_99_add_5_5/C0 is driven by constant or a pin on an incomplete path
     *** dut3/sub_140_add_2_add_5_9/C0 is driven by constant or a pin on an incomplete path
     *** dut3/sub_140_add_2_add_5_9/C1 is driven by constant or a pin on an incomplete path
     *** dut3/add_625_1/C1 is driven by constant or a pin on an incomplete path
     *** dut3/add_475_add_5_1/C1 is driven by constant or a pin on an incomplete path
     *** dut3/add_474_add_5_1/C1 is driven by constant or a pin on an incomplete path
     *** dut3/btn2_c/CE is driven by constant or a pin on an incomplete path
     *** dut2/columns_107__i0/SP is driven by constant or a pin on an incomplete path
     *** dut2/columns_107__i1/SP is driven by constant or a pin on an incomplete path
     *** dut2/columns_107__i2/SP is driven by constant or a pin on an incomplete path
     *** dut2/columns_107__i3/SP is driven by constant or a pin on an incomplete path
     *** dut2/columns_107__i4/SP is driven by constant or a pin on an incomplete path
     *** dut2/columns_107__i5/SP is driven by constant or a pin on an incomplete path
     *** dut2/columns_107__i6/SP is driven by constant or a pin on an incomplete path
     *** dut2/columns_107__i7/SP is driven by constant or a pin on an incomplete path
     *** dut2/columns_107__i8/SP is driven by constant or a pin on an incomplete path
     *** dut2/columns_107__i9/SP is driven by constant or a pin on an incomplete path
     *** dut2/columns_107_add_4_1/B1 is driven by constant or a pin on an incomplete path
     *** dut2/add_8_add_5_1/C1 is driven by constant or a pin on an incomplete path
     *** RGB_pad[3].bb_inst/T_N is driven by constant or a pin on an incomplete path
     *** vsyncout_pad.bb_inst/T_N is driven by constant or a pin on an incomplete path
     *** hsyncout_pad.bb_inst/T_N is driven by constant or a pin on an incomplete path
     *** RGB_pad[5].bb_inst/T_N is driven by constant or a pin on an incomplete path
     *** RGB_pad[2].bb_inst/T_N is driven by constant or a pin on an incomplete path
     *** RGB_pad[0].bb_inst/T_N is driven by constant or a pin on an incomplete path
     *** RGB_pad[4].bb_inst/T_N is driven by constant or a pin on an incomplete path
     *** RGB_pad[1].bb_inst/T_N is driven by constant or a pin on an incomplete path
     *** testOut_pad.bb_inst/T_N is driven by constant or a pin on an incomplete path
